<?xml version="1.0" encoding="UTF-8"?>
<!-- Generated by org.testng.reporters.JUnitReportReporter -->
<testsuite hostname="LENOVO" failures="0" tests="2" name="testNeoStoxUserNameUsingPropertyFile.ValidateNeoStoxUserNameUsingPropertyFile" time="50.103" errors="0" timestamp="2023-01-14T17:27:25 IST" skipped="0">
  <testcase classname="testNeoStoxUserNameUsingPropertyFile.ValidateNeoStoxUserNameUsingPropertyFile" name="validateUserName" time="25.896"/>
  <system-out>
    <![CDATA[Getting Actual UserName
Actual user name is --> Hi Dhiraj Singh
Reading data from peroperty file
data is Hi Dhiraj Singh]]>
  </system-out>
  <testcase classname="testNeoStoxUserNameUsingPropertyFile.ValidateNeoStoxUserNameUsingPropertyFile" name="validateACBalance" time="24.207"/>
  <system-out>
    <![CDATA[getting AC Balance
Account balance is Rs.4,91,274.21]]>
  </system-out>
</testsuite> <!-- testNeoStoxUserNameUsingPropertyFile.ValidateNeoStoxUserNameUsingPropertyFile -->
